Current device: cuda:0
normalizing data:
mean: [0.615, 0.4381, 0.645]
std: [0.615, 0.4381, 0.645]
shape of input: torch.Size([256, 3, 256, 256])
flattened input size: 196608
Using 2 GPUs...
paramters to train:
module.conv1.weight
module.conv1.bias
module.conv2.weight
module.conv2.bias
module.conv3.weight
module.conv3.bias
module.conv4.weight
module.conv4.bias
module.transconv1.weight
module.transconv1.bias
module.transconv2.weight
module.transconv2.bias
module.transconv3.weight
module.transconv3.bias
module.transconv4.weight
module.transconv4.bias
 
Epoch 1/30
---------------
training data on batch 50
training data on batch 100
training data on batch 150
training data on batch 200
training data on batch 250
training data on batch 300
training data on batch 350
training data on batch 400
training data on batch 450
training data on batch 500
training data on batch 550
training data on batch 600
training data on batch 650
training data on batch 700
training data on batch 750
training data on batch 800
training data on batch 850
training data on batch 900
training data on batch 950
training data on batch 1000
training data on batch 1050
training data on batch 1100
training data on batch 1150
training data on batch 1200
training data on batch 1250
Training loss:5456573.861939
 
Epoch 2/30
---------------
training data on batch 50
training data on batch 100
training data on batch 150
training data on batch 200
training data on batch 250
training data on batch 300
training data on batch 350
training data on batch 400
training data on batch 450
training data on batch 500
training data on batch 550
training data on batch 600
training data on batch 650
training data on batch 700
training data on batch 750
training data on batch 800
training data on batch 850
training data on batch 900
training data on batch 950
training data on batch 1000
training data on batch 1050
training data on batch 1100
training data on batch 1150
training data on batch 1200
training data on batch 1250
Training loss:4841515.525152
 
Epoch 3/30
---------------
training data on batch 50
training data on batch 100
training data on batch 150
training data on batch 200
training data on batch 250
training data on batch 300
training data on batch 350
training data on batch 400
training data on batch 450
training data on batch 500
training data on batch 550
training data on batch 600
training data on batch 650
training data on batch 700
training data on batch 750
training data on batch 800
training data on batch 850
training data on batch 900
training data on batch 950
training data on batch 1000
training data on batch 1050
training data on batch 1100
training data on batch 1150
training data on batch 1200
training data on batch 1250
Training loss:4129109.892342
 
Epoch 4/30
---------------
training data on batch 50
training data on batch 100
training data on batch 150
training data on batch 200
training data on batch 250
training data on batch 300
training data on batch 350
training data on batch 400
training data on batch 450
training data on batch 500
training data on batch 550
training data on batch 600
training data on batch 650
training data on batch 700
training data on batch 750
training data on batch 800
training data on batch 850
training data on batch 900
training data on batch 950
training data on batch 1000
training data on batch 1050
training data on batch 1100
training data on batch 1150
training data on batch 1200
training data on batch 1250
Training loss:4101092.045811
 
Epoch 5/30
---------------
training data on batch 50
training data on batch 100
training data on batch 150
training data on batch 200
training data on batch 250
training data on batch 300
training data on batch 350
training data on batch 400
training data on batch 450
training data on batch 500
training data on batch 550
training data on batch 600
training data on batch 650
training data on batch 700
training data on batch 750
training data on batch 800
training data on batch 850
training data on batch 900
training data on batch 950
training data on batch 1000
training data on batch 1050
training data on batch 1100
training data on batch 1150
training data on batch 1200
training data on batch 1250
Training loss:4087919.039423
 
Epoch 6/30
---------------
training data on batch 50
training data on batch 100
training data on batch 150
training data on batch 200
training data on batch 250
training data on batch 300
training data on batch 350
training data on batch 400
training data on batch 450
training data on batch 500
training data on batch 550
training data on batch 600
training data on batch 650
training data on batch 700
training data on batch 750
training data on batch 800
training data on batch 850
training data on batch 900
training data on batch 950
training data on batch 1000
training data on batch 1050
training data on batch 1100
training data on batch 1150
training data on batch 1200
training data on batch 1250
Training loss:4079552.225773
 
Epoch 7/30
---------------
training data on batch 50
training data on batch 100
training data on batch 150
training data on batch 200
training data on batch 250
training data on batch 300
training data on batch 350
training data on batch 400
training data on batch 450
training data on batch 500
training data on batch 550
training data on batch 600
training data on batch 650
training data on batch 700
training data on batch 750
training data on batch 800
training data on batch 850
training data on batch 900
training data on batch 950
training data on batch 1000
training data on batch 1050
training data on batch 1100
training data on batch 1150
training data on batch 1200
training data on batch 1250
Training loss:4073796.697455
 
Epoch 8/30
---------------
training data on batch 50
training data on batch 100
training data on batch 150
training data on batch 200
training data on batch 250
training data on batch 300
training data on batch 350
training data on batch 400
training data on batch 450
training data on batch 500
training data on batch 550
training data on batch 600
training data on batch 650
training data on batch 700
training data on batch 750
training data on batch 800
training data on batch 850
training data on batch 900
training data on batch 950
training data on batch 1000
training data on batch 1050
training data on batch 1100
training data on batch 1150
training data on batch 1200
training data on batch 1250
Training loss:4069353.385239
 
Epoch 9/30
---------------
training data on batch 50
training data on batch 100
training data on batch 150
training data on batch 200
training data on batch 250
training data on batch 300
training data on batch 350
training data on batch 400
training data on batch 450
training data on batch 500
training data on batch 550
training data on batch 600
training data on batch 650
training data on batch 700
training data on batch 750
training data on batch 800
training data on batch 850
training data on batch 900
training data on batch 950
training data on batch 1000
training data on batch 1050
training data on batch 1100
training data on batch 1150
training data on batch 1200
training data on batch 1250
Training loss:4066066.400270
 
Epoch 10/30
---------------
training data on batch 50
training data on batch 100
training data on batch 150
training data on batch 200
training data on batch 250
training data on batch 300
training data on batch 350
training data on batch 400
training data on batch 450
training data on batch 500
training data on batch 550
training data on batch 600
training data on batch 650
training data on batch 700
training data on batch 750
training data on batch 800
training data on batch 850
training data on batch 900
training data on batch 950
training data on batch 1000
training data on batch 1050
training data on batch 1100
training data on batch 1150
training data on batch 1200
training data on batch 1250
Training loss:4063284.942222
 
Epoch 11/30
---------------
training data on batch 50
training data on batch 100
training data on batch 150
training data on batch 200
training data on batch 250
training data on batch 300
training data on batch 350
training data on batch 400
training data on batch 450
training data on batch 500
training data on batch 550
training data on batch 600
training data on batch 650
training data on batch 700
training data on batch 750
training data on batch 800
training data on batch 850
training data on batch 900
training data on batch 950
training data on batch 1000
training data on batch 1050
training data on batch 1100
training data on batch 1150
training data on batch 1200
training data on batch 1250
Training loss:4061084.235732
 
Epoch 12/30
---------------
training data on batch 50
training data on batch 100
training data on batch 150
training data on batch 200
training data on batch 250
training data on batch 300
training data on batch 350
training data on batch 400
training data on batch 450
training data on batch 500
training data on batch 550
training data on batch 600
training data on batch 650
training data on batch 700
training data on batch 750
training data on batch 800
training data on batch 850
training data on batch 900
training data on batch 950
training data on batch 1000
training data on batch 1050
training data on batch 1100
training data on batch 1150
training data on batch 1200
training data on batch 1250
Training loss:4059077.963406
 
Epoch 13/30
---------------
training data on batch 50
training data on batch 100
training data on batch 150
training data on batch 200
training data on batch 250
training data on batch 300
training data on batch 350
training data on batch 400
training data on batch 450
training data on batch 500
training data on batch 550
training data on batch 600
training data on batch 650
training data on batch 700
training data on batch 750
training data on batch 800
training data on batch 850
training data on batch 900
training data on batch 950
training data on batch 1000
training data on batch 1050
training data on batch 1100
training data on batch 1150
training data on batch 1200
training data on batch 1250
Training loss:4057617.948756
 
Epoch 14/30
---------------
